2022-01-19T05:50:54+00:00 CRITICAL syntax error, unexpected 'public' (T_PUBLIC), expecting end of file in D:\wamp64\www\lava\wp-content\themes\twentytwentyone-child\functions.php on line 97

2022-01-19T05:51:13+00:00 CRITICAL Uncaught Error: Using $this when not in object context in D:\wamp64\www\lava\wp-content\themes\twentytwentyone-child\functions.php:45
Stack trace:
#0 D:\wamp64\www\lava\wp-includes\class-wp-hook.php(303): misha_register_setting('')
#1 D:\wamp64\www\lava\wp-includes\class-wp-hook.php(327): WP_Hook->apply_filters(NULL, Array)
#2 D:\wamp64\www\lava\wp-includes\plugin.php(470): WP_Hook->do_action(Array)
#3 D:\wamp64\www\lava\wp-admin\admin.php(175): do_action('admin_init')
#4 {main}
  thrown in D:\wamp64\www\lava\wp-content\themes\twentytwentyone-child\functions.php on line 45

2022-01-19T05:58:44+00:00 CRITICAL Uncaught Error: Using $this when not in object context in D:\wamp64\www\lava\wp-content\themes\twentytwentyone-child\functions.php:45
Stack trace:
#0 D:\wamp64\www\lava\wp-includes\class-wp-hook.php(303): misha_register_setting('')
#1 D:\wamp64\www\lava\wp-includes\class-wp-hook.php(327): WP_Hook->apply_filters(NULL, Array)
#2 D:\wamp64\www\lava\wp-includes\plugin.php(470): WP_Hook->do_action(Array)
#3 D:\wamp64\www\lava\wp-admin\admin.php(175): do_action('admin_init')
#4 {main}
  thrown in D:\wamp64\www\lava\wp-content\themes\twentytwentyone-child\functions.php on line 45

2022-01-19T06:08:54+00:00 CRITICAL syntax error, unexpected 'public' (T_PUBLIC), expecting end of file in D:\wamp64\www\lava\wp-content\themes\twentytwentyone-child\functions.php on line 97

2022-01-19T06:09:15+00:00 CRITICAL Uncaught Error: Using $this when not in object context in D:\wamp64\www\lava\wp-content\themes\twentytwentyone-child\functions.php:45
Stack trace:
#0 D:\wamp64\www\lava\wp-includes\class-wp-hook.php(303): misha_register_setting('')
#1 D:\wamp64\www\lava\wp-includes\class-wp-hook.php(327): WP_Hook->apply_filters(NULL, Array)
#2 D:\wamp64\www\lava\wp-includes\plugin.php(470): WP_Hook->do_action(Array)
#3 D:\wamp64\www\lava\wp-admin\admin.php(175): do_action('admin_init')
#4 {main}
  thrown in D:\wamp64\www\lava\wp-content\themes\twentytwentyone-child\functions.php on line 45

2022-01-19T06:10:32+00:00 CRITICAL Cannot redeclare sanitize_text_field() (previously declared in D:\wamp64\www\lava\wp-includes\formatting.php:5337) in D:\wamp64\www\lava\wp-content\themes\twentytwentyone-child\functions.php on line 96

2022-01-19T07:16:50+00:00 CRITICAL syntax error, unexpected '')");' (T_ENCAPSED_AND_WHITESPACE), expecting ')' in D:\wamp64\www\lava\wp-content\themes\twentytwentyone-child\footer.php on line 85

2022-01-19T07:22:17+00:00 CRITICAL syntax error, unexpected ';', expecting ')' in D:\wamp64\www\lava\wp-content\themes\twentytwentyone-child\footer.php on line 83

2022-01-19T07:48:49+00:00 CRITICAL Uncaught Error: Call to a member function fetch_assoc() on null in D:\wamp64\www\lava\wp-content\themes\twentytwentyone-child\footer.php:89
Stack trace:
#0 D:\wamp64\www\lava\wp-includes\template.php(770): require_once()
#1 D:\wamp64\www\lava\wp-includes\template.php(716): load_template('D:\\wamp64\\www\\l...', true, Array)
#2 D:\wamp64\www\lava\wp-includes\general-template.php(92): locate_template(Array, true, true, Array)
#3 D:\wamp64\www\lava\wp-content\themes\twentytwentyone-child\template\home.php(246): get_footer()
#4 D:\wamp64\www\lava\wp-includes\template-loader.php(106): include('D:\\wamp64\\www\\l...')
#5 D:\wamp64\www\lava\wp-blog-header.php(19): require_once('D:\\wamp64\\www\\l...')
#6 D:\wamp64\www\lava\index.php(17): require('D:\\wamp64\\www\\l...')
#7 {main}
  thrown in D:\wamp64\www\lava\wp-content\themes\twentytwentyone-child\footer.php on line 89

2022-01-19T08:37:08+00:00 CRITICAL Uncaught Error: Cannot use object of type stdClass as array in D:\wamp64\www\lava\wp-content\themes\twentytwentyone-child\footer.php:85
Stack trace:
#0 D:\wamp64\www\lava\wp-includes\template.php(770): require_once()
#1 D:\wamp64\www\lava\wp-includes\template.php(716): load_template('D:\\wamp64\\www\\l...', true, Array)
#2 D:\wamp64\www\lava\wp-includes\general-template.php(92): locate_template(Array, true, true, Array)
#3 D:\wamp64\www\lava\wp-content\themes\twentytwentyone-child\template\home.php(246): get_footer()
#4 D:\wamp64\www\lava\wp-includes\template-loader.php(106): include('D:\\wamp64\\www\\l...')
#5 D:\wamp64\www\lava\wp-blog-header.php(19): require_once('D:\\wamp64\\www\\l...')
#6 D:\wamp64\www\lava\index.php(17): require('D:\\wamp64\\www\\l...')
#7 {main}
  thrown in D:\wamp64\www\lava\wp-content\themes\twentytwentyone-child\footer.php on line 85

2022-01-19T08:50:36+00:00 CRITICAL syntax error, unexpected '$post_id' (T_VARIABLE), expecting '(' in D:\wamp64\www\lava\wp-content\themes\twentytwentyone-child\footer.php on line 84

2022-01-19T09:16:44+00:00 CRITICAL syntax error, unexpected '}', expecting end of file in D:\wamp64\www\lava\wp-content\themes\twentytwentyone-child\footer.php on line 88

2022-01-19T12:21:20+00:00 CRITICAL Cannot redeclare create_plugin_database_table() (previously declared in D:\wamp64\www\lava\wp-content\plugins\threebox\hello.php:12) in D:\wamp64\www\lava\wp-content\themes\twentytwentyone-child\functions.php on line 113

2022-01-19T12:21:22+00:00 CRITICAL Cannot redeclare create_plugin_database_table() (previously declared in D:\wamp64\www\lava\wp-content\plugins\threebox\hello.php:12) in D:\wamp64\www\lava\wp-content\themes\twentytwentyone-child\functions.php on line 113

